Using pre-set license
Built from '2022.3/staging' branch; Version is '2022.3.4f1 (35713cd46cd7) revision 3502396'; Using compiler version '192829333'; Build Type 'Release'
OS: 'Windows 11  (10.0.22621) 64bit Core' Language: 'en' Physical Memory: 65460 MB
BatchMode: 1, IsHumanControllingUs: 0, StartBugReporterOnCrash: 0, Is64bit: 1, IsPro: 1

COMMAND LINE ARGUMENTS:
C:\Program Files\Unity\Hub\Editor\2022.3.4f1\Editor\Unity.exe
-adb2
-batchMode
-noUpm
-name
AssetImportWorker0
-projectPath
D:/GameJam2024/GaameJam2024
-logFile
Logs/AssetImportWorker0.log
-srvPort
55275
Successfully changed project path to: D:/GameJam2024/GaameJam2024
D:/GameJam2024/GaameJam2024
[UnityMemory] Configuration Parameters - Can be set up in boot.config
    "memorysetup-bucket-allocator-granularity=16"
    "memorysetup-bucket-allocator-bucket-count=8"
    "memorysetup-bucket-allocator-block-size=33554432"
    "memorysetup-bucket-allocator-block-count=8"
    "memorysetup-main-allocator-block-size=16777216"
    "memorysetup-thread-allocator-block-size=16777216"
    "memorysetup-gfx-main-allocator-block-size=16777216"
    "memorysetup-gfx-thread-allocator-block-size=16777216"
    "memorysetup-cache-allocator-block-size=4194304"
    "memorysetup-typetree-allocator-block-size=2097152"
    "memorysetup-profiler-bucket-allocator-granularity=16"
    "memorysetup-profiler-bucket-allocator-bucket-count=8"
    "memorysetup-profiler-bucket-allocator-block-size=33554432"
    "memorysetup-profiler-bucket-allocator-block-count=8"
    "memorysetup-profiler-allocator-block-size=16777216"
    "memorysetup-profiler-editor-allocator-block-size=1048576"
    "memorysetup-temp-allocator-size-main=16777216"
    "memorysetup-job-temp-allocator-block-size=2097152"
    "memorysetup-job-temp-allocator-block-size-background=1048576"
    "memorysetup-job-temp-allocator-reduction-small-platforms=262144"
    "memorysetup-allocator-temp-initial-block-size-main=262144"
    "memorysetup-allocator-temp-initial-block-size-worker=262144"
    "memorysetup-temp-allocator-size-background-worker=32768"
    "memorysetup-temp-allocator-size-job-worker=262144"
    "memorysetup-temp-allocator-size-preload-manager=33554432"
    "memorysetup-temp-allocator-size-nav-mesh-worker=65536"
    "memorysetup-temp-allocator-size-audio-worker=65536"
    "memorysetup-temp-allocator-size-cloud-worker=32768"
    "memorysetup-temp-allocator-size-gi-baking-worker=262144"
    "memorysetup-temp-allocator-size-gfx=262144"
Player connection [47856] Host "[IP] 10.0.0.66 [Port] 0 [Flags] 2 [Guid] 942111262 [EditorId] 942111262 [Version] 1048832 [Id] WindowsEditor(7,SharkBox) [Debug] 1 [PackageName] WindowsEditor [ProjectName] Editor" joined multi-casting on [225.0.0.222:54997]...

Player connection [47856] Host "[IP] 10.0.0.66 [Port] 0 [Flags] 2 [Guid] 942111262 [EditorId] 942111262 [Version] 1048832 [Id] WindowsEditor(7,SharkBox) [Debug] 1 [PackageName] WindowsEditor [ProjectName] Editor" joined alternative multi-casting on [225.0.0.222:34997]...

Refreshing native plugins compatible for Editor in 8.03 ms, found 4 plugins.
Preloading 0 native plugins for Editor in 0.00 ms.
Initialize engine version: 2022.3.4f1 (35713cd46cd7)
[Subsystems] Discovering subsystems at path C:/Program Files/Unity/Hub/Editor/2022.3.4f1/Editor/Data/Resources/UnitySubsystems
[Subsystems] Discovering subsystems at path D:/GameJam2024/GaameJam2024/Assets
GfxDevice: creating device client; threaded=0; jobified=0
Direct3D:
    Version:  Direct3D 11.0 [level 11.1]
    Renderer: NVIDIA GeForce RTX 3070 Ti (ID=0x2482)
    Vendor:   NVIDIA
    VRAM:     8032 MB
    Driver:   31.0.15.4633
Initialize mono
Mono path[0] = 'C:/Program Files/Unity/Hub/Editor/2022.3.4f1/Editor/Data/Managed'
Mono path[1] = 'C:/Program Files/Unity/Hub/Editor/2022.3.4f1/Editor/Data/MonoBleedingEdge/lib/mono/unityjit-win32'
Mono config path = 'C:/Program Files/Unity/Hub/Editor/2022.3.4f1/Editor/Data/MonoBleedingEdge/etc'
Using monoOptions --debugger-agent=transport=dt_socket,embedding=1,server=y,suspend=n,address=127.0.0.1:56196
Begin MonoManager ReloadAssembly
Registering precompiled unity dll's ...
Register platform support module: C:/Program Files/Unity/Hub/Editor/2022.3.4f1/Editor/Data/PlaybackEngines/WindowsStandaloneSupport/UnityEditor.WindowsStandalone.Extensions.dll
Registered in 0.005651 seconds.
- Loaded All Assemblies, in  0.270 seconds
Native extension for WindowsStandalone target not found
Mono: successfully reloaded assembly
- Finished resetting the current domain, in  0.228 seconds
Domain Reload Profiling: 497ms
	BeginReloadAssembly (69ms)
		ExecutionOrderSort (0ms)
		DisableScriptedObjects (0ms)
		BackupInstance (0ms)
		ReleaseScriptingObjects (0ms)
		CreateAndSetChildDomain (1ms)
	RebuildCommonClasses (29ms)
	RebuildNativeTypeToScriptingClass (8ms)
	initialDomainReloadingComplete (51ms)
	LoadAllAssembliesAndSetupDomain (111ms)
		LoadAssemblies (67ms)
		RebuildTransferFunctionScriptingTraits (0ms)
		AnalyzeDomain (104ms)
			TypeCache.Refresh (103ms)
				TypeCache.ScanAssembly (93ms)
			ScanForSourceGeneratedMonoScriptInfo (0ms)
			ResolveRequiredComponents (1ms)
	FinalizeReload (229ms)
		ReleaseScriptCaches (0ms)
		RebuildScriptCaches (0ms)
		SetupLoadedEditorAssemblies (176ms)
			LogAssemblyErrors (0ms)
			InitializePlatformSupportModulesInManaged (8ms)
			SetLoadedEditorAssemblies (7ms)
			RefreshPlugins (0ms)
			BeforeProcessingInitializeOnLoad (2ms)
			ProcessInitializeOnLoadAttributes (116ms)
			ProcessInitializeOnLoadMethodAttributes (43ms)
			AfterProcessingInitializeOnLoad (0ms)
			EditorAssembliesLoaded (0ms)
		ExecutionOrderSort2 (0ms)
		AwakeInstancesAfterBackupRestoration (0ms)
========================================================================
Worker process is ready to serve import requests
Begin MonoManager ReloadAssembly
Symbol file LoadedFromMemory doesn't match image D:\GameJam2024\GaameJam2024\Library\PackageCache\com.unity.visualscripting@1.8.0\Editor\VisualScripting.Core\Dependencies\YamlDotNet\Unity.VisualScripting.YamlDotNet.dll
Symbol file LoadedFromMemory doesn't match image D:\GameJam2024\GaameJam2024\Library\PackageCache\com.unity.visualscripting@1.8.0\Editor\VisualScripting.Core\Dependencies\DotNetZip\Unity.VisualScripting.IonicZip.dll
- Loaded All Assemblies, in  0.642 seconds
Refreshing native plugins compatible for Editor in 3.66 ms, found 4 plugins.
Native extension for WindowsStandalone target not found
Mono: successfully reloaded assembly
- Finished resetting the current domain, in  0.553 seconds
Domain Reload Profiling: 1192ms
	BeginReloadAssembly (118ms)
		ExecutionOrderSort (0ms)
		DisableScriptedObjects (4ms)
		BackupInstance (0ms)
		ReleaseScriptingObjects (0ms)
		CreateAndSetChildDomain (23ms)
	RebuildCommonClasses (26ms)
	RebuildNativeTypeToScriptingClass (7ms)
	initialDomainReloadingComplete (35ms)
	LoadAllAssembliesAndSetupDomain (452ms)
		LoadAssemblies (245ms)
		RebuildTransferFunctionScriptingTraits (0ms)
		AnalyzeDomain (260ms)
			TypeCache.Refresh (229ms)
				TypeCache.ScanAssembly (218ms)
			ScanForSourceGeneratedMonoScriptInfo (24ms)
			ResolveRequiredComponents (8ms)
	FinalizeReload (554ms)
		ReleaseScriptCaches (0ms)
		RebuildScriptCaches (0ms)
		SetupLoadedEditorAssemblies (397ms)
			LogAssemblyErrors (0ms)
			InitializePlatformSupportModulesInManaged (6ms)
			SetLoadedEditorAssemblies (6ms)
			RefreshPlugins (0ms)
			BeforeProcessingInitializeOnLoad (70ms)
			ProcessInitializeOnLoadAttributes (243ms)
			ProcessInitializeOnLoadMethodAttributes (67ms)
			AfterProcessingInitializeOnLoad (5ms)
			EditorAssembliesLoaded (0ms)
		ExecutionOrderSort2 (0ms)
		AwakeInstancesAfterBackupRestoration (5ms)
Launched and connected shader compiler UnityShaderCompiler.exe after 0.05 seconds
Refreshing native plugins compatible for Editor in 3.36 ms, found 4 plugins.
Preloading 0 native plugins for Editor in 0.00 ms.
Unloading 5630 Unused Serialized files (Serialized files now loaded: 0)
Unloading 88 unused Assets / (0.7 MB). Loaded Objects now: 6091.
Memory consumption went from 206.8 MB to 206.1 MB.
Total: 4.653700 ms (FindLiveObjects: 0.446900 ms CreateObjectMapping: 0.338400 ms MarkObjects: 3.481200 ms  DeleteObjects: 0.385900 ms)

AssetImportParameters requested are different than current active one (requested -> active):
  custom:container-demuxer-ogg: 62fdf1f143b41e24485cea50d1cbac27 -> 
  custom:video-decoder-ogg-theora: a1e56fd34408186e4bbccfd4996cb3dc -> 
  custom:framework-win-MediaFoundation: 216162199b28c13a410421893ffa2e32 -> 
  custom:container-demuxer-webm: 4f35f7cbe854078d1ac9338744f61a02 -> 
  custom:container-muxer-webm: aa71ff27fc2769a1b78a27578f13a17b -> 
  custom:video-decoder-webm-vp8: 9c59270c3fd7afecdb556c50c9e8de78 -> 
  custom:AudioImporter_EditorPlatform: d09bf68614088b80899f8185d706f6e7 -> 
  custom:video-encoder-webm-vp8: eb34c28f22e8b96e1ab97ce403110664 -> 
  custom:audio-decoder-ogg-vorbis: bf7c407c2cedff20999df2af8eb42d56 -> 
  custom:audio-encoder-webm-vorbis: bf7c407c2cedff20999df2af8eb42d56 -> 
========================================================================
Received Import Request.
  Time since last request: 1329191.457417 seconds.
  path: Assets/Scripts/SlidePuzzleManager.cs
  artifactKey: Guid(3f619841ce28021459f967c0b2dd1ee0) Importer(815301076,1909f56bfc062723c751e8b465ee728b)
Start importing Assets/Scripts/SlidePuzzleManager.cs using Guid(3f619841ce28021459f967c0b2dd1ee0) Importer(815301076,1909f56bfc062723c751e8b465ee728b)  -> (artifact id: '390a80df09ef73ac6825b5c80ef316f0') in 0.002094 seconds
Number of updated asset objects reloaded before import = 0
Number of asset objects unloaded after import = 0
========================================================================
Received Prepare
Refreshing native plugins compatible for Editor in 3.78 ms, found 4 plugins.
Preloading 0 native plugins for Editor in 0.00 ms.
Unloading 5 Unused Serialized files (Serialized files now loaded: 0)
Unloading 6 unused Assets / (0.7 MB). Loaded Objects now: 6091.
Memory consumption went from 97.7 MB to 97.0 MB.
Total: 4.005100 ms (FindLiveObjects: 0.466000 ms CreateObjectMapping: 0.380100 ms MarkObjects: 2.855000 ms  DeleteObjects: 0.303300 ms)

Prepare: number of updated asset objects reloaded= 0
AssetImportParameters requested are different than current active one (requested -> active):
  custom:container-demuxer-ogg: 62fdf1f143b41e24485cea50d1cbac27 -> 
  custom:video-decoder-ogg-theora: a1e56fd34408186e4bbccfd4996cb3dc -> 
  custom:framework-win-MediaFoundation: 216162199b28c13a410421893ffa2e32 -> 
  custom:CustomObjectIndexerAttribute: a3ef5dd2817f97addfee359851a9dba5 -> 
  custom:container-demuxer-webm: 4f35f7cbe854078d1ac9338744f61a02 -> 
  custom:container-muxer-webm: aa71ff27fc2769a1b78a27578f13a17b -> 
  custom:video-decoder-webm-vp8: 9c59270c3fd7afecdb556c50c9e8de78 -> 
  custom:AudioImporter_EditorPlatform: d09bf68614088b80899f8185d706f6e7 -> 
  custom:video-encoder-webm-vp8: eb34c28f22e8b96e1ab97ce403110664 -> 
  custom:audio-decoder-ogg-vorbis: bf7c407c2cedff20999df2af8eb42d56 -> 
  custom:audio-encoder-webm-vorbis: bf7c407c2cedff20999df2af8eb42d56 -> 
========================================================================
Received Import Request.
  Time since last request: 65.516150 seconds.
  path: Assets/Sprites/Bed.aseprite
  artifactKey: Guid(50a5582f5e8ea004caf4f2831430f512) Importer(815301076,1909f56bfc062723c751e8b465ee728b)
Start importing Assets/Sprites/Bed.aseprite using Guid(50a5582f5e8ea004caf4f2831430f512) Importer(815301076,1909f56bfc062723c751e8b465ee728b)  -> (artifact id: '66e4f97a5e548ef679125699d3613053') in 0.106029 seconds
Number of updated asset objects reloaded before import = 0
Number of asset objects unloaded after import = 7
========================================================================
Received Import Request.
  Time since last request: 0.000024 seconds.
  path: Assets/Sprites/Keyboard_1.aseprite
  artifactKey: Guid(99d1d4a1d7c7b1b4b983524a94121423) Importer(815301076,1909f56bfc062723c751e8b465ee728b)
Start importing Assets/Sprites/Keyboard_1.aseprite using Guid(99d1d4a1d7c7b1b4b983524a94121423) Importer(815301076,1909f56bfc062723c751e8b465ee728b)  -> (artifact id: '028796c802759cfb326029b6e29a801a') in 0.017348 seconds
Number of updated asset objects reloaded before import = 0
Number of asset objects unloaded after import = 7
========================================================================
Received Import Request.
  Time since last request: 0.000025 seconds.
  path: Assets/Sprites/Manual.aseprite
  artifactKey: Guid(bd35a4a9e33308048942113965f76ad3) Importer(815301076,1909f56bfc062723c751e8b465ee728b)
Start importing Assets/Sprites/Manual.aseprite using Guid(bd35a4a9e33308048942113965f76ad3) Importer(815301076,1909f56bfc062723c751e8b465ee728b)  -> (artifact id: 'd2db6fa50fcdee35e7f83190b6d94a0a') in 0.014972 seconds
Number of updated asset objects reloaded before import = 0
Number of asset objects unloaded after import = 7
========================================================================
Received Import Request.
  Time since last request: 0.000015 seconds.
  path: Assets/Sprites/WallTile_1.png
  artifactKey: Guid(e76ccd57f655ad640942d385138a3add) Importer(815301076,1909f56bfc062723c751e8b465ee728b)
Start importing Assets/Sprites/WallTile_1.png using Guid(e76ccd57f655ad640942d385138a3add) Importer(815301076,1909f56bfc062723c751e8b465ee728b)  -> (artifact id: 'cbf337e2c06c422be9426f71e447d9cb') in 0.013145 seconds
Number of updated asset objects reloaded before import = 0
Number of asset objects unloaded after import = 3
========================================================================
Received Import Request.
  Time since last request: 0.000020 seconds.
  path: Assets/Sprites/Pizza_Box.aseprite
  artifactKey: Guid(b6ab0f3ed15f9e749a10ea30f075f4c7) Importer(815301076,1909f56bfc062723c751e8b465ee728b)
Start importing Assets/Sprites/Pizza_Box.aseprite using Guid(b6ab0f3ed15f9e749a10ea30f075f4c7) Importer(815301076,1909f56bfc062723c751e8b465ee728b)  -> (artifact id: '23ecb0feabd76afc7d0f4b27b33281a2') in 0.014279 seconds
Number of updated asset objects reloaded before import = 0
Number of asset objects unloaded after import = 7
========================================================================
Received Import Request.
  Time since last request: 0.000018 seconds.
  path: Assets/Sprites/Carpet_Tile2.png
  artifactKey: Guid(b883d522428a04941b62fb4907f43869) Importer(815301076,1909f56bfc062723c751e8b465ee728b)
Start importing Assets/Sprites/Carpet_Tile2.png using Guid(b883d522428a04941b62fb4907f43869) Importer(815301076,1909f56bfc062723c751e8b465ee728b)  -> (artifact id: '69daa128d10314d1086eb98e0ebb9552') in 0.009463 seconds
Number of updated asset objects reloaded before import = 0
Number of asset objects unloaded after import = 3
========================================================================
Received Import Request.
  Time since last request: 0.000016 seconds.
  path: Assets/Sprites/Carpet_Tile1.png
  artifactKey: Guid(4734d763963bab9429c9a1fbfbd42d4a) Importer(815301076,1909f56bfc062723c751e8b465ee728b)
Start importing Assets/Sprites/Carpet_Tile1.png using Guid(4734d763963bab9429c9a1fbfbd42d4a) Importer(815301076,1909f56bfc062723c751e8b465ee728b)  -> (artifact id: 'c2e2e0d68f1efaf680ca8f35c9e20f60') in 0.010515 seconds
Number of updated asset objects reloaded before import = 0
Number of asset objects unloaded after import = 3
========================================================================
Received Import Request.
  Time since last request: 0.000015 seconds.
  path: Assets/Sprites/Desk.png
  artifactKey: Guid(3db54e48846624445ac6be6037a382d7) Importer(815301076,1909f56bfc062723c751e8b465ee728b)
Start importing Assets/Sprites/Desk.png using Guid(3db54e48846624445ac6be6037a382d7) Importer(815301076,1909f56bfc062723c751e8b465ee728b)  -> (artifact id: '2101f92835e356806b759546a4b5127d') in 0.013228 seconds
Number of updated asset objects reloaded before import = 0
Number of asset objects unloaded after import = 3
========================================================================
Received Import Request.
  Time since last request: 0.000014 seconds.
  path: Assets/Sprites/GuyGuy.png
  artifactKey: Guid(f4828842c61866a41a13c704a055f69c) Importer(815301076,1909f56bfc062723c751e8b465ee728b)
Start importing Assets/Sprites/GuyGuy.png using Guid(f4828842c61866a41a13c704a055f69c) Importer(815301076,1909f56bfc062723c751e8b465ee728b)  -> (artifact id: '939dac66e67578ef56e9f71468b8f3ec') in 0.011163 seconds
Number of updated asset objects reloaded before import = 0
Number of asset objects unloaded after import = 3
========================================================================
Received Import Request.
  Time since last request: 0.000015 seconds.
  path: Assets/Sprites/Manual.png
  artifactKey: Guid(925158158eb4a5e4282b2fa9dd4f3ed0) Importer(815301076,1909f56bfc062723c751e8b465ee728b)
Start importing Assets/Sprites/Manual.png using Guid(925158158eb4a5e4282b2fa9dd4f3ed0) Importer(815301076,1909f56bfc062723c751e8b465ee728b)  -> (artifact id: 'e5bedd2757f5b0f12d62a636720e4ff4') in 0.011762 seconds
Number of updated asset objects reloaded before import = 0
Number of asset objects unloaded after import = 3
========================================================================
Received Import Request.
  Time since last request: 0.000013 seconds.
  path: Assets/Sprites/Desk.aseprite
  artifactKey: Guid(e583e83893a19af47a45357ac97821e5) Importer(815301076,1909f56bfc062723c751e8b465ee728b)
Start importing Assets/Sprites/Desk.aseprite using Guid(e583e83893a19af47a45357ac97821e5) Importer(815301076,1909f56bfc062723c751e8b465ee728b)  -> (artifact id: '68125803b5f69464e9d2524bbbc3c39d') in 0.015997 seconds
Number of updated asset objects reloaded before import = 0
Number of asset objects unloaded after import = 7
========================================================================
Received Import Request.
  Time since last request: 0.000018 seconds.
  path: Assets/Sprites/Carpet_Tile3.png
  artifactKey: Guid(d27a7b6eef295584da35d72af9052269) Importer(815301076,1909f56bfc062723c751e8b465ee728b)
Start importing Assets/Sprites/Carpet_Tile3.png using Guid(d27a7b6eef295584da35d72af9052269) Importer(815301076,1909f56bfc062723c751e8b465ee728b)  -> (artifact id: '5a0910ff93a93f6bb39e1b3504ff434e') in 0.010851 seconds
Number of updated asset objects reloaded before import = 0
Number of asset objects unloaded after import = 3
========================================================================
Received Import Request.
  Time since last request: 322.019834 seconds.
  path: Assets/Sprites/GuyGuy.png
  artifactKey: Guid(f4828842c61866a41a13c704a055f69c) Importer(815301076,1909f56bfc062723c751e8b465ee728b)
Start importing Assets/Sprites/GuyGuy.png using Guid(f4828842c61866a41a13c704a055f69c) Importer(815301076,1909f56bfc062723c751e8b465ee728b)  -> (artifact id: 'c167cb5fb34a302dcd3b712f21994c76') in 0.019176 seconds
Number of updated asset objects reloaded before import = 0
Number of asset objects unloaded after import = 3
========================================================================
Received Import Request.
  Time since last request: 47.981369 seconds.
  path: Assets/Sprites/Pizza_Box.png
  artifactKey: Guid(6f2c897dfda8a73419ea634098ed36bb) Importer(815301076,1909f56bfc062723c751e8b465ee728b)
Start importing Assets/Sprites/Pizza_Box.png using Guid(6f2c897dfda8a73419ea634098ed36bb) Importer(815301076,1909f56bfc062723c751e8b465ee728b)  -> (artifact id: '9998f19dbc0de81a5d36c078b8c13e89') in 0.021204 seconds
Number of updated asset objects reloaded before import = 0
Number of asset objects unloaded after import = 3
========================================================================
Received Prepare
Begin MonoManager ReloadAssembly
Symbol file LoadedFromMemory doesn't match image D:\GameJam2024\GaameJam2024\Library\PackageCache\com.unity.visualscripting@1.8.0\Editor\VisualScripting.Core\Dependencies\YamlDotNet\Unity.VisualScripting.YamlDotNet.dll
Symbol file LoadedFromMemory doesn't match image D:\GameJam2024\GaameJam2024\Library\PackageCache\com.unity.visualscripting@1.8.0\Editor\VisualScripting.Core\Dependencies\DotNetZip\Unity.VisualScripting.IonicZip.dll
- Loaded All Assemblies, in  0.577 seconds
Refreshing native plugins compatible for Editor in 3.00 ms, found 4 plugins.
Native extension for WindowsStandalone target not found
Mono: successfully reloaded assembly
- Finished resetting the current domain, in  0.896 seconds
Domain Reload Profiling: 1471ms
	BeginReloadAssembly (128ms)
		ExecutionOrderSort (0ms)
		DisableScriptedObjects (9ms)
		BackupInstance (0ms)
		ReleaseScriptingObjects (0ms)
		CreateAndSetChildDomain (43ms)
	RebuildCommonClasses (25ms)
	RebuildNativeTypeToScriptingClass (8ms)
	initialDomainReloadingComplete (25ms)
	LoadAllAssembliesAndSetupDomain (389ms)
		LoadAssemblies (220ms)
		RebuildTransferFunctionScriptingTraits (0ms)
		AnalyzeDomain (214ms)
			TypeCache.Refresh (202ms)
				TypeCache.ScanAssembly (192ms)
			ScanForSourceGeneratedMonoScriptInfo (5ms)
			ResolveRequiredComponents (7ms)
	FinalizeReload (897ms)
		ReleaseScriptCaches (0ms)
		RebuildScriptCaches (0ms)
		SetupLoadedEditorAssemblies (351ms)
			LogAssemblyErrors (0ms)
			InitializePlatformSupportModulesInManaged (5ms)
			SetLoadedEditorAssemblies (5ms)
			RefreshPlugins (0ms)
			BeforeProcessingInitializeOnLoad (71ms)
			ProcessInitializeOnLoadAttributes (201ms)
			ProcessInitializeOnLoadMethodAttributes (60ms)
			AfterProcessingInitializeOnLoad (10ms)
			EditorAssembliesLoaded (0ms)
		ExecutionOrderSort2 (0ms)
		AwakeInstancesAfterBackupRestoration (12ms)
Refreshing native plugins compatible for Editor in 3.78 ms, found 4 plugins.
Preloading 0 native plugins for Editor in 0.00 ms.
Unloading 5529 Unused Serialized files (Serialized files now loaded: 0)
Unloading 51 unused Assets / (0.7 MB). Loaded Objects now: 6113.
Memory consumption went from 187.4 MB to 186.6 MB.
Total: 4.088500 ms (FindLiveObjects: 0.517200 ms CreateObjectMapping: 0.160400 ms MarkObjects: 3.099200 ms  DeleteObjects: 0.310700 ms)

Prepare: number of updated asset objects reloaded= 0
AssetImportParameters requested are different than current active one (requested -> active):
  custom:container-demuxer-ogg: 62fdf1f143b41e24485cea50d1cbac27 -> 
  custom:video-decoder-ogg-theora: a1e56fd34408186e4bbccfd4996cb3dc -> 
  custom:framework-win-MediaFoundation: 216162199b28c13a410421893ffa2e32 -> 
  custom:CustomObjectIndexerAttribute: a3ef5dd2817f97addfee359851a9dba5 -> 
  custom:container-demuxer-webm: 4f35f7cbe854078d1ac9338744f61a02 -> 
  custom:container-muxer-webm: aa71ff27fc2769a1b78a27578f13a17b -> 
  custom:video-decoder-webm-vp8: 9c59270c3fd7afecdb556c50c9e8de78 -> 
  custom:AudioImporter_EditorPlatform: d09bf68614088b80899f8185d706f6e7 -> 
  custom:video-encoder-webm-vp8: eb34c28f22e8b96e1ab97ce403110664 -> 
  custom:audio-decoder-ogg-vorbis: bf7c407c2cedff20999df2af8eb42d56 -> 
  custom:audio-encoder-webm-vorbis: bf7c407c2cedff20999df2af8eb42d56 -> 
========================================================================
Received Prepare
Begin MonoManager ReloadAssembly
Symbol file LoadedFromMemory doesn't match image D:\GameJam2024\GaameJam2024\Library\PackageCache\com.unity.visualscripting@1.8.0\Editor\VisualScripting.Core\Dependencies\YamlDotNet\Unity.VisualScripting.YamlDotNet.dll
Symbol file LoadedFromMemory doesn't match image D:\GameJam2024\GaameJam2024\Library\PackageCache\com.unity.visualscripting@1.8.0\Editor\VisualScripting.Core\Dependencies\DotNetZip\Unity.VisualScripting.IonicZip.dll
- Loaded All Assemblies, in  0.582 seconds
Refreshing native plugins compatible for Editor in 3.05 ms, found 4 plugins.
Native extension for WindowsStandalone target not found
Mono: successfully reloaded assembly
- Finished resetting the current domain, in  0.928 seconds
Domain Reload Profiling: 1507ms
	BeginReloadAssembly (125ms)
		ExecutionOrderSort (0ms)
		DisableScriptedObjects (9ms)
		BackupInstance (0ms)
		ReleaseScriptingObjects (0ms)
		CreateAndSetChildDomain (41ms)
	RebuildCommonClasses (23ms)
	RebuildNativeTypeToScriptingClass (8ms)
	initialDomainReloadingComplete (25ms)
	LoadAllAssembliesAndSetupDomain (398ms)
		LoadAssemblies (232ms)
		RebuildTransferFunctionScriptingTraits (0ms)
		AnalyzeDomain (209ms)
			TypeCache.Refresh (202ms)
				TypeCache.ScanAssembly (190ms)
			ScanForSourceGeneratedMonoScriptInfo (0ms)
			ResolveRequiredComponents (7ms)
	FinalizeReload (929ms)
		ReleaseScriptCaches (0ms)
		RebuildScriptCaches (0ms)
		SetupLoadedEditorAssemblies (376ms)
			LogAssemblyErrors (0ms)
			InitializePlatformSupportModulesInManaged (5ms)
			SetLoadedEditorAssemblies (4ms)
			RefreshPlugins (0ms)
			BeforeProcessingInitializeOnLoad (75ms)
			ProcessInitializeOnLoadAttributes (221ms)
			ProcessInitializeOnLoadMethodAttributes (65ms)
			AfterProcessingInitializeOnLoad (6ms)
			EditorAssembliesLoaded (0ms)
		ExecutionOrderSort2 (0ms)
		AwakeInstancesAfterBackupRestoration (11ms)
Refreshing native plugins compatible for Editor in 3.64 ms, found 4 plugins.
Preloading 0 native plugins for Editor in 0.00 ms.
Unloading 5529 Unused Serialized files (Serialized files now loaded: 0)
Unloading 51 unused Assets / (0.7 MB). Loaded Objects now: 6117.
Memory consumption went from 187.4 MB to 186.7 MB.
Total: 5.001900 ms (FindLiveObjects: 0.527500 ms CreateObjectMapping: 0.439400 ms MarkObjects: 3.576200 ms  DeleteObjects: 0.457100 ms)

Prepare: number of updated asset objects reloaded= 0
AssetImportParameters requested are different than current active one (requested -> active):
  custom:container-demuxer-ogg: 62fdf1f143b41e24485cea50d1cbac27 -> 
  custom:video-decoder-ogg-theora: a1e56fd34408186e4bbccfd4996cb3dc -> 
  custom:framework-win-MediaFoundation: 216162199b28c13a410421893ffa2e32 -> 
  custom:CustomObjectIndexerAttribute: a3ef5dd2817f97addfee359851a9dba5 -> 
  custom:container-demuxer-webm: 4f35f7cbe854078d1ac9338744f61a02 -> 
  custom:container-muxer-webm: aa71ff27fc2769a1b78a27578f13a17b -> 
  custom:video-decoder-webm-vp8: 9c59270c3fd7afecdb556c50c9e8de78 -> 
  custom:AudioImporter_EditorPlatform: d09bf68614088b80899f8185d706f6e7 -> 
  custom:video-encoder-webm-vp8: eb34c28f22e8b96e1ab97ce403110664 -> 
  custom:audio-decoder-ogg-vorbis: bf7c407c2cedff20999df2af8eb42d56 -> 
  custom:audio-encoder-webm-vorbis: bf7c407c2cedff20999df2af8eb42d56 -> 
========================================================================
Received Import Request.
  Time since last request: 823.139926 seconds.
  path: Assets/Sprites/Carpet_Tile1.asset
  artifactKey: Guid(a9cd1882b0f2db940b9d7a917d269c64) Importer(815301076,1909f56bfc062723c751e8b465ee728b)
Start importing Assets/Sprites/Carpet_Tile1.asset using Guid(a9cd1882b0f2db940b9d7a917d269c64) Importer(815301076,1909f56bfc062723c751e8b465ee728b)  -> (artifact id: '0ba5d0a87fa4c8fec8a5b881628bab4a') in 0.042405 seconds
Number of updated asset objects reloaded before import = 0
Number of asset objects unloaded after import = 3
========================================================================
Received Import Request.
  Time since last request: 7.560051 seconds.
  path: Assets/Sprites/Carpet_Tile2.asset
  artifactKey: Guid(db565e2ff9f7b9b4aa1cd00367203d8b) Importer(815301076,1909f56bfc062723c751e8b465ee728b)
Start importing Assets/Sprites/Carpet_Tile2.asset using Guid(db565e2ff9f7b9b4aa1cd00367203d8b) Importer(815301076,1909f56bfc062723c751e8b465ee728b)  -> (artifact id: 'fce9f0ee0d450991a20214a5bd8dd6a3') in 0.010573 seconds
Number of updated asset objects reloaded before import = 0
Number of asset objects unloaded after import = 3
========================================================================
Received Import Request.
  Time since last request: 8.985102 seconds.
  path: Assets/Sprites/Carpet_Tile3.asset
  artifactKey: Guid(d663705ad0facfd46bb97e02ac7ec0a6) Importer(815301076,1909f56bfc062723c751e8b465ee728b)
Start importing Assets/Sprites/Carpet_Tile3.asset using Guid(d663705ad0facfd46bb97e02ac7ec0a6) Importer(815301076,1909f56bfc062723c751e8b465ee728b)  -> (artifact id: '4e6f6512aac54c2ae89681bfff4bfa51') in 0.008883 seconds
Number of updated asset objects reloaded before import = 0
Number of asset objects unloaded after import = 3
========================================================================
Received Import Request.
  Time since last request: 4.011117 seconds.
  path: Assets/Sprites/Carpet_Tile4.asset
  artifactKey: Guid(b9488fe20cb2bc14381bba7f1aa72aac) Importer(815301076,1909f56bfc062723c751e8b465ee728b)
Start importing Assets/Sprites/Carpet_Tile4.asset using Guid(b9488fe20cb2bc14381bba7f1aa72aac) Importer(815301076,1909f56bfc062723c751e8b465ee728b)  -> (artifact id: '0a8519f6de78261e9af2eba5a8e78c89') in 0.010573 seconds
Number of updated asset objects reloaded before import = 0
Number of asset objects unloaded after import = 3
========================================================================
Received Import Request.
  Time since last request: 209.068410 seconds.
  path: Assets/Sprites/Carpet_Tile1.asset
  artifactKey: Guid(a9cd1882b0f2db940b9d7a917d269c64) Importer(815301076,1909f56bfc062723c751e8b465ee728b)
Start importing Assets/Sprites/Carpet_Tile1.asset using Guid(a9cd1882b0f2db940b9d7a917d269c64) Importer(815301076,1909f56bfc062723c751e8b465ee728b)  -> (artifact id: '8677f4169319c95ab9a57755024cab48') in 0.011794 seconds
Number of updated asset objects reloaded before import = 0
Number of asset objects unloaded after import = 3
========================================================================
Received Import Request.
  Time since last request: 7.399392 seconds.
  path: Assets/Sprites/Carpet_Tile3.asset
  artifactKey: Guid(d663705ad0facfd46bb97e02ac7ec0a6) Importer(815301076,1909f56bfc062723c751e8b465ee728b)
Start importing Assets/Sprites/Carpet_Tile3.asset using Guid(d663705ad0facfd46bb97e02ac7ec0a6) Importer(815301076,1909f56bfc062723c751e8b465ee728b)  -> (artifact id: '062ec4bd5657ebadea7c9de63eab3f6d') in 0.010327 seconds
Number of updated asset objects reloaded before import = 0
Number of asset objects unloaded after import = 3
========================================================================
Received Import Request.
  Time since last request: 9.224255 seconds.
  path: Assets/Sprites/Carpet_Tile3.asset
  artifactKey: Guid(d663705ad0facfd46bb97e02ac7ec0a6) Importer(815301076,1909f56bfc062723c751e8b465ee728b)
Start importing Assets/Sprites/Carpet_Tile3.asset using Guid(d663705ad0facfd46bb97e02ac7ec0a6) Importer(815301076,1909f56bfc062723c751e8b465ee728b)  -> (artifact id: 'c3daf5b16ce34a25937d84dd6d38439d') in 0.011316 seconds
Number of updated asset objects reloaded before import = 0
Number of asset objects unloaded after import = 3
========================================================================
Received Import Request.
  Time since last request: 7.928643 seconds.
  path: Assets/Sprites/Carpet_Tile1.asset
  artifactKey: Guid(a9cd1882b0f2db940b9d7a917d269c64) Importer(815301076,1909f56bfc062723c751e8b465ee728b)
Start importing Assets/Sprites/Carpet_Tile1.asset using Guid(a9cd1882b0f2db940b9d7a917d269c64) Importer(815301076,1909f56bfc062723c751e8b465ee728b)  -> (artifact id: '3e22d52a538dc6314b8fc580ade5900d') in 0.004723 seconds
Number of updated asset objects reloaded before import = 0
Number of asset objects unloaded after import = 3
========================================================================
Received Import Request.
  Time since last request: 4.590716 seconds.
  path: Assets/Sprites/Carpet_Tile2.asset
  artifactKey: Guid(db565e2ff9f7b9b4aa1cd00367203d8b) Importer(815301076,1909f56bfc062723c751e8b465ee728b)
Start importing Assets/Sprites/Carpet_Tile2.asset using Guid(db565e2ff9f7b9b4aa1cd00367203d8b) Importer(815301076,1909f56bfc062723c751e8b465ee728b)  -> (artifact id: 'a4532b0d0285217c8da80f9bd42b5928') in 0.005259 seconds
Number of updated asset objects reloaded before import = 0
Number of asset objects unloaded after import = 3
========================================================================
Received Import Request.
  Time since last request: 5.488157 seconds.
  path: Assets/Sprites/Carpet_Tile4.asset
  artifactKey: Guid(b9488fe20cb2bc14381bba7f1aa72aac) Importer(815301076,1909f56bfc062723c751e8b465ee728b)
Start importing Assets/Sprites/Carpet_Tile4.asset using Guid(b9488fe20cb2bc14381bba7f1aa72aac) Importer(815301076,1909f56bfc062723c751e8b465ee728b)  -> (artifact id: 'a9b9b287fd9b0c7b734d847cf119c8a7') in 0.006446 seconds
Number of updated asset objects reloaded before import = 0
Number of asset objects unloaded after import = 3
========================================================================
Received Import Request.
  Time since last request: 33.369093 seconds.
  path: Assets/Sprites/Carpet_Tile1.asset
  artifactKey: Guid(a9cd1882b0f2db940b9d7a917d269c64) Importer(815301076,1909f56bfc062723c751e8b465ee728b)
Start importing Assets/Sprites/Carpet_Tile1.asset using Guid(a9cd1882b0f2db940b9d7a917d269c64) Importer(815301076,1909f56bfc062723c751e8b465ee728b)  -> (artifact id: 'bdca286a147a26c039a17d5d4c973d94') in 0.011148 seconds
Number of updated asset objects reloaded before import = 0
Number of asset objects unloaded after import = 3
========================================================================
Received Import Request.
  Time since last request: 9.943834 seconds.
  path: Assets/Sprites/Carpet_Tile2.asset
  artifactKey: Guid(db565e2ff9f7b9b4aa1cd00367203d8b) Importer(815301076,1909f56bfc062723c751e8b465ee728b)
Start importing Assets/Sprites/Carpet_Tile2.asset using Guid(db565e2ff9f7b9b4aa1cd00367203d8b) Importer(815301076,1909f56bfc062723c751e8b465ee728b)  -> (artifact id: '9049e6db2d986bda93b517e9c643041d') in 0.009458 seconds
Number of updated asset objects reloaded before import = 0
Number of asset objects unloaded after import = 3
========================================================================
Received Import Request.
  Time since last request: 7.407098 seconds.
  path: Assets/Sprites/Carpet_Tile3.asset
  artifactKey: Guid(d663705ad0facfd46bb97e02ac7ec0a6) Importer(815301076,1909f56bfc062723c751e8b465ee728b)
Start importing Assets/Sprites/Carpet_Tile3.asset using Guid(d663705ad0facfd46bb97e02ac7ec0a6) Importer(815301076,1909f56bfc062723c751e8b465ee728b)  -> (artifact id: 'cfbe0c186aa8021f1361b1950a022bf4') in 0.010213 seconds
Number of updated asset objects reloaded before import = 0
Number of asset objects unloaded after import = 3
========================================================================
Received Import Request.
  Time since last request: 9.211912 seconds.
  path: Assets/Sprites/Carpet_Tile4.asset
  artifactKey: Guid(b9488fe20cb2bc14381bba7f1aa72aac) Importer(815301076,1909f56bfc062723c751e8b465ee728b)
Start importing Assets/Sprites/Carpet_Tile4.asset using Guid(b9488fe20cb2bc14381bba7f1aa72aac) Importer(815301076,1909f56bfc062723c751e8b465ee728b)  -> (artifact id: 'c717d2cc6f90ab1a636e0da7b7728f0e') in 0.009175 seconds
Number of updated asset objects reloaded before import = 0
Number of asset objects unloaded after import = 3
========================================================================
Received Import Request.
  Time since last request: 57.313598 seconds.
  path: Assets/Palette/Floor.prefab
  artifactKey: Guid(bc4015b080f447846805997f0ad2fbc5) Importer(815301076,1909f56bfc062723c751e8b465ee728b)
Start importing Assets/Palette/Floor.prefab using Guid(bc4015b080f447846805997f0ad2fbc5) Importer(815301076,1909f56bfc062723c751e8b465ee728b)  -> (artifact id: '8955af6e6800ff8971e7954388c909d5') in 0.030164 seconds
Number of updated asset objects reloaded before import = 0
Number of asset objects unloaded after import = 22
========================================================================
Received Import Request.
  Time since last request: 22.151212 seconds.
  path: Assets/Sprites/WallTile_1.asset
  artifactKey: Guid(32a476dffaafd7743918c945931b1a7b) Importer(815301076,1909f56bfc062723c751e8b465ee728b)
Start importing Assets/Sprites/WallTile_1.asset using Guid(32a476dffaafd7743918c945931b1a7b) Importer(815301076,1909f56bfc062723c751e8b465ee728b)  -> (artifact id: '6b258a69ac8ff8a41f4984bff72dbac7') in 0.012562 seconds
Number of updated asset objects reloaded before import = 0
Number of asset objects unloaded after import = 3
========================================================================
Received Import Request.
  Time since last request: 20.817942 seconds.
  path: Assets/Sprites/WallTile_1.asset
  artifactKey: Guid(32a476dffaafd7743918c945931b1a7b) Importer(815301076,1909f56bfc062723c751e8b465ee728b)
Start importing Assets/Sprites/WallTile_1.asset using Guid(32a476dffaafd7743918c945931b1a7b) Importer(815301076,1909f56bfc062723c751e8b465ee728b)  -> (artifact id: 'c212037ec86046679a744686e3e87c05') in 0.010966 seconds
Number of updated asset objects reloaded before import = 0
Number of asset objects unloaded after import = 3
========================================================================
Received Import Request.
  Time since last request: 8.897308 seconds.
  path: Assets/Sprites/WallTile_1.asset
  artifactKey: Guid(32a476dffaafd7743918c945931b1a7b) Importer(815301076,1909f56bfc062723c751e8b465ee728b)
Start importing Assets/Sprites/WallTile_1.asset using Guid(32a476dffaafd7743918c945931b1a7b) Importer(815301076,1909f56bfc062723c751e8b465ee728b)  -> (artifact id: '465c605d903e5a86f6c51bbd255258a4') in 0.004928 seconds
Number of updated asset objects reloaded before import = 0
Number of asset objects unloaded after import = 3
========================================================================
Received Import Request.
  Time since last request: 146.561188 seconds.
  path: Assets/Sprites/Desk.png
  artifactKey: Guid(3db54e48846624445ac6be6037a382d7) Importer(815301076,1909f56bfc062723c751e8b465ee728b)
Start importing Assets/Sprites/Desk.png using Guid(3db54e48846624445ac6be6037a382d7) Importer(815301076,1909f56bfc062723c751e8b465ee728b)  -> (artifact id: 'da0599a510d60a9e5cedeb6b925212e3') in 0.026195 seconds
Number of updated asset objects reloaded before import = 0
Number of asset objects unloaded after import = 3
========================================================================
Received Import Request.
  Time since last request: 8.197026 seconds.
  path: Assets/Sprites/Desk.png
  artifactKey: Guid(3db54e48846624445ac6be6037a382d7) Importer(815301076,1909f56bfc062723c751e8b465ee728b)
Start importing Assets/Sprites/Desk.png using Guid(3db54e48846624445ac6be6037a382d7) Importer(815301076,1909f56bfc062723c751e8b465ee728b)  -> (artifact id: '126052b899572724943b26967defed61') in 0.014334 seconds
Number of updated asset objects reloaded before import = 0
Number of asset objects unloaded after import = 3
========================================================================
Received Import Request.
  Time since last request: 50.491874 seconds.
  path: Assets/Sprites/Bed.png
  artifactKey: Guid(bcea7acdac40ef146bf8873b231ea7b0) Importer(815301076,1909f56bfc062723c751e8b465ee728b)
Start importing Assets/Sprites/Bed.png using Guid(bcea7acdac40ef146bf8873b231ea7b0) Importer(815301076,1909f56bfc062723c751e8b465ee728b)  -> (artifact id: '9db082764cd9274b6c8202b93937f34d') in 0.014019 seconds
Number of updated asset objects reloaded before import = 0
Number of asset objects unloaded after import = 3
========================================================================
Received Import Request.
  Time since last request: 37.043561 seconds.
  path: Assets/Sprites/Keyboard_1.png
  artifactKey: Guid(4e3b5c86f2f04c94daa3be560758b5ae) Importer(815301076,1909f56bfc062723c751e8b465ee728b)
Start importing Assets/Sprites/Keyboard_1.png using Guid(4e3b5c86f2f04c94daa3be560758b5ae) Importer(815301076,1909f56bfc062723c751e8b465ee728b)  -> (artifact id: '5e2914d008bd676f67c913321bc10907') in 0.016865 seconds
Number of updated asset objects reloaded before import = 0
Number of asset objects unloaded after import = 3
========================================================================
Received Import Request.
  Time since last request: 17.562391 seconds.
  path: Assets/Sprites/Tower_1.png
  artifactKey: Guid(e6cc69342de7b2d43a0516e744139d47) Importer(815301076,1909f56bfc062723c751e8b465ee728b)
Start importing Assets/Sprites/Tower_1.png using Guid(e6cc69342de7b2d43a0516e744139d47) Importer(815301076,1909f56bfc062723c751e8b465ee728b)  -> (artifact id: '0b0d4071c849940d01d65f0f55cf539e') in 0.028792 seconds
Number of updated asset objects reloaded before import = 0
Number of asset objects unloaded after import = 3
========================================================================
Received Import Request.
  Time since last request: 43.950624 seconds.
  path: Assets/Sprites/Monitor_1.png
  artifactKey: Guid(0194c8c66e9d6244f936b06554abc18a) Importer(815301076,1909f56bfc062723c751e8b465ee728b)
Start importing Assets/Sprites/Monitor_1.png using Guid(0194c8c66e9d6244f936b06554abc18a) Importer(815301076,1909f56bfc062723c751e8b465ee728b)  -> (artifact id: 'b9a7871a7417d374b67bfbba7cfadc56') in 0.012985 seconds
Number of updated asset objects reloaded before import = 0
Number of asset objects unloaded after import = 3
========================================================================
Received Import Request.
  Time since last request: 28.818453 seconds.
  path: Assets/Sprites/Pizza_Box.png
  artifactKey: Guid(6f2c897dfda8a73419ea634098ed36bb) Importer(815301076,1909f56bfc062723c751e8b465ee728b)
Start importing Assets/Sprites/Pizza_Box.png using Guid(6f2c897dfda8a73419ea634098ed36bb) Importer(815301076,1909f56bfc062723c751e8b465ee728b)  -> (artifact id: 'daf36047b9751b8cd77668806e5f479e') in 0.009231 seconds
Number of updated asset objects reloaded before import = 0
Number of asset objects unloaded after import = 3
========================================================================
Received Import Request.
  Time since last request: 23.900820 seconds.
  path: Assets/Sprites/GuyGuy.png
  artifactKey: Guid(f4828842c61866a41a13c704a055f69c) Importer(815301076,1909f56bfc062723c751e8b465ee728b)
Start importing Assets/Sprites/GuyGuy.png using Guid(f4828842c61866a41a13c704a055f69c) Importer(815301076,1909f56bfc062723c751e8b465ee728b)  -> (artifact id: 'dce22153c23b61194a2a51a5015e1b55') in 0.011899 seconds
Number of updated asset objects reloaded before import = 0
Number of asset objects unloaded after import = 3
========================================================================
Received Prepare
Begin MonoManager ReloadAssembly
Symbol file LoadedFromMemory doesn't match image D:\GameJam2024\GaameJam2024\Library\PackageCache\com.unity.visualscripting@1.8.0\Editor\VisualScripting.Core\Dependencies\YamlDotNet\Unity.VisualScripting.YamlDotNet.dll
Symbol file LoadedFromMemory doesn't match image D:\GameJam2024\GaameJam2024\Library\PackageCache\com.unity.visualscripting@1.8.0\Editor\VisualScripting.Core\Dependencies\DotNetZip\Unity.VisualScripting.IonicZip.dll
- Loaded All Assemblies, in  0.559 seconds
Refreshing native plugins compatible for Editor in 3.16 ms, found 4 plugins.
Native extension for WindowsStandalone target not found
Mono: successfully reloaded assembly
- Finished resetting the current domain, in  0.961 seconds
Domain Reload Profiling: 1517ms
	BeginReloadAssembly (127ms)
		ExecutionOrderSort (0ms)
		DisableScriptedObjects (9ms)
		BackupInstance (0ms)
		ReleaseScriptingObjects (0ms)
		CreateAndSetChildDomain (40ms)
	RebuildCommonClasses (23ms)
	RebuildNativeTypeToScriptingClass (8ms)
	initialDomainReloadingComplete (24ms)
	LoadAllAssembliesAndSetupDomain (374ms)
		LoadAssemblies (212ms)
		RebuildTransferFunctionScriptingTraits (0ms)
		AnalyzeDomain (207ms)
			TypeCache.Refresh (200ms)
				TypeCache.ScanAssembly (189ms)
			ScanForSourceGeneratedMonoScriptInfo (0ms)
			ResolveRequiredComponents (7ms)
	FinalizeReload (961ms)
		ReleaseScriptCaches (0ms)
		RebuildScriptCaches (0ms)
		SetupLoadedEditorAssemblies (422ms)
			LogAssemblyErrors (0ms)
			InitializePlatformSupportModulesInManaged (6ms)
			SetLoadedEditorAssemblies (5ms)
			RefreshPlugins (0ms)
			BeforeProcessingInitializeOnLoad (87ms)
			ProcessInitializeOnLoadAttributes (243ms)
			ProcessInitializeOnLoadMethodAttributes (74ms)
			AfterProcessingInitializeOnLoad (7ms)
			EditorAssembliesLoaded (0ms)
		ExecutionOrderSort2 (0ms)
		AwakeInstancesAfterBackupRestoration (15ms)
Refreshing native plugins compatible for Editor in 4.28 ms, found 4 plugins.
Preloading 0 native plugins for Editor in 0.00 ms.
Unloading 5529 Unused Serialized files (Serialized files now loaded: 0)
Unloading 51 unused Assets / (0.7 MB). Loaded Objects now: 6125.
Memory consumption went from 187.4 MB to 186.7 MB.
Total: 5.385000 ms (FindLiveObjects: 0.880600 ms CreateObjectMapping: 0.261800 ms MarkObjects: 3.656700 ms  DeleteObjects: 0.584500 ms)

Prepare: number of updated asset objects reloaded= 0
AssetImportParameters requested are different than current active one (requested -> active):
  custom:container-demuxer-ogg: 62fdf1f143b41e24485cea50d1cbac27 -> 
  custom:video-decoder-ogg-theora: a1e56fd34408186e4bbccfd4996cb3dc -> 
  custom:framework-win-MediaFoundation: 216162199b28c13a410421893ffa2e32 -> 
  custom:CustomObjectIndexerAttribute: a3ef5dd2817f97addfee359851a9dba5 -> 
  custom:container-demuxer-webm: 4f35f7cbe854078d1ac9338744f61a02 -> 
  custom:container-muxer-webm: aa71ff27fc2769a1b78a27578f13a17b -> 
  custom:video-decoder-webm-vp8: 9c59270c3fd7afecdb556c50c9e8de78 -> 
  custom:AudioImporter_EditorPlatform: d09bf68614088b80899f8185d706f6e7 -> 
  custom:video-encoder-webm-vp8: eb34c28f22e8b96e1ab97ce403110664 -> 
  custom:audio-decoder-ogg-vorbis: bf7c407c2cedff20999df2af8eb42d56 -> 
  custom:audio-encoder-webm-vorbis: bf7c407c2cedff20999df2af8eb42d56 -> 
========================================================================
Received Prepare
Begin MonoManager ReloadAssembly
Symbol file LoadedFromMemory doesn't match image D:\GameJam2024\GaameJam2024\Library\PackageCache\com.unity.visualscripting@1.8.0\Editor\VisualScripting.Core\Dependencies\YamlDotNet\Unity.VisualScripting.YamlDotNet.dll
Symbol file LoadedFromMemory doesn't match image D:\GameJam2024\GaameJam2024\Library\PackageCache\com.unity.visualscripting@1.8.0\Editor\VisualScripting.Core\Dependencies\DotNetZip\Unity.VisualScripting.IonicZip.dll
- Loaded All Assemblies, in  0.572 seconds
Refreshing native plugins compatible for Editor in 4.36 ms, found 4 plugins.
Native extension for WindowsStandalone target not found
Mono: successfully reloaded assembly
- Finished resetting the current domain, in  1.071 seconds
Domain Reload Profiling: 1641ms
	BeginReloadAssembly (123ms)
		ExecutionOrderSort (0ms)
		DisableScriptedObjects (9ms)
		BackupInstance (0ms)
		ReleaseScriptingObjects (0ms)
		CreateAndSetChildDomain (37ms)
	RebuildCommonClasses (24ms)
	RebuildNativeTypeToScriptingClass (8ms)
	initialDomainReloadingComplete (24ms)
	LoadAllAssembliesAndSetupDomain (390ms)
		LoadAssemblies (221ms)
		RebuildTransferFunctionScriptingTraits (0ms)
		AnalyzeDomain (214ms)
			TypeCache.Refresh (204ms)
				TypeCache.ScanAssembly (193ms)
			ScanForSourceGeneratedMonoScriptInfo (0ms)
			ResolveRequiredComponents (10ms)
	FinalizeReload (1072ms)
		ReleaseScriptCaches (0ms)
		RebuildScriptCaches (0ms)
		SetupLoadedEditorAssemblies (430ms)
			LogAssemblyErrors (0ms)
			InitializePlatformSupportModulesInManaged (5ms)
			SetLoadedEditorAssemblies (4ms)
			RefreshPlugins (0ms)
			BeforeProcessingInitializeOnLoad (89ms)
			ProcessInitializeOnLoadAttributes (252ms)
			ProcessInitializeOnLoadMethodAttributes (71ms)
			AfterProcessingInitializeOnLoad (8ms)
			EditorAssembliesLoaded (0ms)
		ExecutionOrderSort2 (0ms)
		AwakeInstancesAfterBackupRestoration (13ms)
Refreshing native plugins compatible for Editor in 5.13 ms, found 4 plugins.
Preloading 0 native plugins for Editor in 0.00 ms.
Unloading 5529 Unused Serialized files (Serialized files now loaded: 0)
Unloading 51 unused Assets / (0.7 MB). Loaded Objects now: 6129.
Memory consumption went from 187.5 MB to 186.7 MB.
Total: 5.733800 ms (FindLiveObjects: 0.801000 ms CreateObjectMapping: 0.224400 ms MarkObjects: 4.003400 ms  DeleteObjects: 0.703500 ms)

Prepare: number of updated asset objects reloaded= 0
AssetImportParameters requested are different than current active one (requested -> active):
  custom:container-demuxer-ogg: 62fdf1f143b41e24485cea50d1cbac27 -> 
  custom:video-decoder-ogg-theora: a1e56fd34408186e4bbccfd4996cb3dc -> 
  custom:framework-win-MediaFoundation: 216162199b28c13a410421893ffa2e32 -> 
  custom:CustomObjectIndexerAttribute: a3ef5dd2817f97addfee359851a9dba5 -> 
  custom:container-demuxer-webm: 4f35f7cbe854078d1ac9338744f61a02 -> 
  custom:container-muxer-webm: aa71ff27fc2769a1b78a27578f13a17b -> 
  custom:video-decoder-webm-vp8: 9c59270c3fd7afecdb556c50c9e8de78 -> 
  custom:AudioImporter_EditorPlatform: d09bf68614088b80899f8185d706f6e7 -> 
  custom:video-encoder-webm-vp8: eb34c28f22e8b96e1ab97ce403110664 -> 
  custom:audio-decoder-ogg-vorbis: bf7c407c2cedff20999df2af8eb42d56 -> 
  custom:audio-encoder-webm-vorbis: bf7c407c2cedff20999df2af8eb42d56 -> 
